<?xml version="1.0" encoding="UTF-8"?>
<testng-results ignored="0" total="1" passed="1" failed="0" skipped="0">
  <reporter-output>
  </reporter-output>
  <suite started-at="2024-12-27T00:07:17 IST" name="Suite" finished-at="2024-12-27T00:07:18 IST" duration-ms="372">
    <groups>
    </groups>
    <test started-at="2024-12-27T00:07:17 IST" name="Test" finished-at="2024-12-27T00:07:18 IST" duration-ms="372">
      <class name="BasicTest.AppTest">
        <test-method signature="run(java.util.HashMap)[pri:0, instance:BasicTest.AppTest@10683d9d]" started-at="2024-12-27T00:07:18 IST" name="run" data-provider="datap" finished-at="2024-12-27T00:07:18 IST" duration-ms="11" status="PASS">
          <params>
            <param index="0">
              <value>
                <![CDATA[{name=kamal, son=shruthi}]]>
              </value>
            </param>
          </params>
          <reporter-output>
          </reporter-output>
        </test-method> <!-- run -->
      </class> <!-- BasicTest.AppTest -->
    </test> <!-- Test -->
  </suite> <!-- Suite -->
</testng-results>
